<?xml version="1.0" encoding="UTF-8"?>
<!-- Generated by org.testng.reporters.JUnitReportReporter -->
<testsuite hostname="HIMANSHU-PC" failures="0" tests="1" name="ManvenProjects.Academy.HomePage" time="20.757" errors="0" timestamp="2021-05-21T16:33:00 IST" skipped="0">
  <testcase classname="ManvenProjects.Academy.HomePage" name="baseNavigation" time="20.757"/>
  <system-out/>
</testsuite> <!-- ManvenProjects.Academy.HomePage -->
