<?xml version="1.0" encoding="UTF-8"?>
<!-- Generated by org.testng.reporters.JUnitReportReporter -->
<testsuite hostname="HIMANSHU-PC" failures="0" tests="1" name="ManvenProjects.Academy.Base" time="206.687" errors="0" timestamp="2021-05-20T13:41:28 IST" skipped="0">
  <testcase classname="ManvenProjects.Academy.Base" name="InitializerDriver" time="206.687"/>
  <system-out/>
</testsuite> <!-- ManvenProjects.Academy.Base -->
