<?xml version="1.0" encoding="UTF-8"?>
<!-- Generated by org.testng.reporters.JUnitReportReporter -->
<testsuite skipped="0" hostname="HIMANSHU-PC" name="ManvenProjects.Academy.HomePage" tests="1" failures="0" timestamp="2021-05-22T19:47:21 IST" time="38.211" errors="0">
  <testcase name="baseNavigation" time="38.211" classname="ManvenProjects.Academy.HomePage"/>
  <system-out/>
</testsuite> <!-- ManvenProjects.Academy.HomePage -->
