<?xml version="1.0" encoding="UTF-8"?>
<!-- Generated by org.testng.reporters.JUnitReportReporter -->
<testsuite skipped="0" hostname="HIMANSHU-PC" name="ManvenProjects.Academy.LandingValidation" tests="1" failures="0" timestamp="2021-05-22T19:47:21 IST" time="28.100" errors="0">
  <testcase name="baseNavigation" time="28.100" classname="ManvenProjects.Academy.LandingValidation"/>
  <system-out/>
</testsuite> <!-- ManvenProjects.Academy.LandingValidation -->
